<?xml version="1.0" encoding="UTF-8"?>
<testsuite name="com.bridgeLbaz.RealMoodAnalyserTest" tests="1" skipped="0" failures="0" errors="0" timestamp="2019-11-25T10:13:41" hostname="admin1-desktop" time="0.003">
  <properties/>
  <testcase name="givenMessage_whenProper_ReturnHappy" classname="com.bridgeLbaz.RealMoodAnalyserTest" time="0.003"/>
  <system-out><![CDATA[]]></system-out>
  <system-err><![CDATA[]]></system-err>
</testsuite>
